Build started 31/10/2014 7:24:25 PM.
     1>Project "C:\Work\bminus\vcproj\bminus_hello_world\bminus_hello_world.vcxproj" on node 2 (rebuild target(s)).
     1>_PrepareForClean:
         Deleting file "Release\bminus_hello_world.lastbuildstate".
       InitializeBuildStatus:
         Creating "Release\bminus_hello_world.unsuccessfulbuild" because "AlwaysCreate" was specified.
       ClCompile:
         C:\Program Files (x86)\Microsoft Visual Studio 10.0\VC\bin\CL.exe /c /Zi /nologo /W3 /WX- /O1 /Ob0 /Os /Oy- /D WIN32 /D NDEBUG /D _CONSOLE /D _UNICODE /D UNICODE /Gm- /EHsc /MD /GS- /Gy /fp:precise /Zc:wchar_t /Zc:forScope /FAs /Fa"Release\\" /Fo"Release\\" /Fd"Release\vc100.pdb" /Gd /TC /FIstdio.h /FIstdlib.h /analyze- /errorReport:prompt "..\..\hello-world\hello_world.c"
         hello_world.c
     1>..\..\hello-world\hello_world.c(4): warning C4013: 'write' undefined; assuming extern returning int
     1>c:\work\bminus\hello-world\hello_world.c(16): warning C4716: 'write' : must return a value
       Link:
         C:\Program Files (x86)\Microsoft Visual Studio 10.0\VC\bin\link.exe /ERRORREPORT:PROMPT /OUT:"C:\Work\bminus\vcproj\bminus\Release\bminus_hello_world.exe" /INCREMENTAL:NO /NOLOGO kernel32.lib user32.lib gdi32.lib winspool.lib comdlg32.lib advapi32.lib shell32.lib ole32.lib oleaut32.lib uuid.lib odbc32.lib odbccp32.lib /MANIFEST /ManifestFile:"Release\bminus_hello_world.exe.intermediate.manifest" /MANIFESTUAC:"level='asInvoker' uiAccess='false'" /DEBUG /PDB:"C:\Work\bminus\vcproj\bminus\Release\bminus_hello_world.pdb" /SUBSYSTEM:CONSOLE /OPT:REF /OPT:ICF /LTCG /TLBID:1 /DYNAMICBASE /NXCOMPAT /IMPLIB:"C:\Work\bminus\vcproj\bminus\Release\bminus_hello_world.lib" /MACHINE:X86 Release\hello_world.obj
         LINK : /LTCG specified but no code generation required; remove /LTCG from the link command line to improve linker performance
         bminus_hello_world.vcxproj -> C:\Work\bminus\vcproj\bminus\Release\bminus_hello_world.exe
       Manifest:
         C:\Program Files (x86)\Microsoft SDKs\Windows\v7.0A\bin\mt.exe /nologo /verbose /outputresource:"C:\Work\bminus\vcproj\bminus\Release\bminus_hello_world.exe;#1" /manifest Release\bminus_hello_world.exe.intermediate.manifest
       FinalizeBuildStatus:
         Deleting file "Release\bminus_hello_world.unsuccessfulbuild".
         Touching "Release\bminus_hello_world.lastbuildstate".
     1>Done Building Project "C:\Work\bminus\vcproj\bminus_hello_world\bminus_hello_world.vcxproj" (rebuild target(s)).

Build succeeded.

Time Elapsed 00:00:01.14
