Build started 31/10/2014 6:33:54 PM.
     1>Project "C:\Work\bminus\vcproj\bminus\bminus.vcxproj" on node 2 (build target(s)).
     1>InitializeBuildStatus:
         Creating "Release\bminus.unsuccessfulbuild" because "AlwaysCreate" was specified.
       ClCompile:
         C:\Program Files (x86)\Microsoft Visual Studio 10.0\VC\bin\CL.exe /c /Zi /nologo /W3 /WX- /O2 /Oi /Oy- /GL /D WIN32 /D NDEBUG /D _CONSOLE /D _UNICODE /D UNICODE /Gm- /EHsc /MD /GS /Gy /fp:precise /Zc:wchar_t /Zc:forScope /Fo"Release\\" /Fd"Release\vc100.pdb" /Gd /TC /wd4013 /wd4033 /wd4716 /analyze- /errorReport:prompt ..\..\source\bminus.c
         bminus.c
       Link:
         C:\Program Files (x86)\Microsoft Visual Studio 10.0\VC\bin\link.exe /ERRORREPORT:PROMPT /OUT:"C:\Work\bminus\vcproj\bminus\Release\bminus.exe" /INCREMENTAL:NO /NOLOGO kernel32.lib user32.lib gdi32.lib winspool.lib comdlg32.lib advapi32.lib shell32.lib ole32.lib oleaut32.lib uuid.lib odbc32.lib odbccp32.lib /MANIFEST /ManifestFile:"Release\bminus.exe.intermediate.manifest" /MANIFESTUAC:"level='asInvoker' uiAccess='false'" /DEBUG /PDB:"C:\Work\bminus\vcproj\bminus\Release\bminus.pdb" /SUBSYSTEM:CONSOLE /OPT:REF /OPT:ICF /LTCG /TLBID:1 /DYNAMICBASE /NXCOMPAT /IMPLIB:"C:\Work\bminus\vcproj\bminus\Release\bminus.lib" /MACHINE:X86 Release\bminus.obj
         Generating code
         Finished generating code
         bminus.vcxproj -> C:\Work\bminus\vcproj\bminus\Release\bminus.exe
       Manifest:
         C:\Program Files (x86)\Microsoft SDKs\Windows\v7.0A\bin\mt.exe /nologo /verbose /outputresource:"C:\Work\bminus\vcproj\bminus\Release\bminus.exe;#1" /manifest Release\bminus.exe.intermediate.manifest
       FinalizeBuildStatus:
         Deleting file "Release\bminus.unsuccessfulbuild".
         Touching "Release\bminus.lastbuildstate".
     1>Done Building Project "C:\Work\bminus\vcproj\bminus\bminus.vcxproj" (build target(s)).

Build succeeded.

Time Elapsed 00:00:01.64
