Build started 31/10/2014 6:48:03 PM.
     1>Project "C:\Work\bminus\vcproj\bminus_hello_world\bminus_hello_world.vcxproj" on node 2 (build target(s)).
     1>InitializeBuildStatus:
         Creating "Debug\bminus_hello_world.unsuccessfulbuild" because "AlwaysCreate" was specified.
       ClCompile:
         C:\Program Files (x86)\Microsoft Visual Studio 10.0\VC\bin\CL.exe /c /ZI /nologo /W3 /WX- /Od /Ob0 /Os /Oy- /D WIN32 /D _DEBUG /D _CONSOLE /D _UNICODE /D UNICODE /Gm /EHsc /RTC1 /MDd /GS- /fp:precise /Zc:wchar_t /Zc:forScope /FAs /Fa"Debug\\" /Fo"Debug\\" /Fd"Debug\vc100.pdb" /Gd /TC /FIstdio.h /FIstdlib.h /analyze- /errorReport:prompt "..\..\hello-world\hello_world.c"
         hello_world.c
     1>c:\work\bminus\hello-world\hello_world.c(5): warning C4013: 'write' undefined; assuming extern returning int
     1>c:\work\bminus\hello-world\hello_world.c(19): warning C4716: 'write' : must return a value
       Link:
         C:\Program Files (x86)\Microsoft Visual Studio 10.0\VC\bin\link.exe /ERRORREPORT:PROMPT /OUT:"C:\Work\bminus\vcproj\bminus\Debug\bminus_hello_world.exe" /INCREMENTAL:NO /NOLOGO kernel32.lib user32.lib gdi32.lib winspool.lib comdlg32.lib advapi32.lib shell32.lib ole32.lib oleaut32.lib uuid.lib odbc32.lib odbccp32.lib /MANIFEST /ManifestFile:"Debug\bminus_hello_world.exe.intermediate.manifest" /MANIFESTUAC:"level='asInvoker' uiAccess='false'" /DEBUG /PDB:"C:\Work\bminus\vcproj\bminus\Debug\bminus_hello_world.pdb" /SUBSYSTEM:CONSOLE /TLBID:1 /DYNAMICBASE /NXCOMPAT /IMPLIB:"C:\Work\bminus\vcproj\bminus\Debug\bminus_hello_world.lib" /MACHINE:X86 Debug\hello_world.obj
     1>hello_world.obj : warning LNK4075: ignoring '/EDITANDCONTINUE' due to '/INCREMENTAL:NO' specification
         bminus_hello_world.vcxproj -> C:\Work\bminus\vcproj\bminus\Debug\bminus_hello_world.exe
       Manifest:
         C:\Program Files (x86)\Microsoft SDKs\Windows\v7.0A\bin\mt.exe /nologo /verbose /outputresource:"C:\Work\bminus\vcproj\bminus\Debug\bminus_hello_world.exe;#1" /manifest Debug\bminus_hello_world.exe.intermediate.manifest
       FinalizeBuildStatus:
         Deleting file "Debug\bminus_hello_world.unsuccessfulbuild".
         Touching "Debug\bminus_hello_world.lastbuildstate".
     1>Done Building Project "C:\Work\bminus\vcproj\bminus_hello_world\bminus_hello_world.vcxproj" (build target(s)).

Build succeeded.

Time Elapsed 00:00:00.81
